<?xml version="1.0" encoding="UTF-8"?>
<coverage generated="1677232262270" clover="3.2.0">
  <project timestamp="1677232262270" name="All files">
    <metrics statements="33" coveredstatements="33" conditionals="4" coveredconditionals="4" methods="9" coveredmethods="9" elements="46" coveredelements="46" complexity="0" loc="33" ncloc="33" packages="1" files="4" classes="4"/>
    <file name="MobilInput.tsx" path="C:\find\src\components\MobilInput.tsx">
      <metrics statements="22" coveredstatements="22" conditionals="4" coveredconditionals="4" methods="5" coveredmethods="5"/>
      <line num="16" count="3" type="stmt"/>
      <line num="17" count="9" type="stmt"/>
      <line num="18" count="7" type="stmt"/>
      <line num="19" count="7" type="stmt"/>
      <line num="20" count="7" type="stmt"/>
      <line num="21" count="7" type="stmt"/>
      <line num="22" count="7" type="stmt"/>
      <line num="23" count="7" type="stmt"/>
      <line num="24" count="7" type="stmt"/>
      <line num="25" count="7" type="stmt"/>
      <line num="26" count="7" type="stmt"/>
      <line num="27" count="2" type="cond" truecount="2" falsecount="0"/>
      <line num="28" count="1" type="stmt"/>
      <line num="29" count="1" type="stmt"/>
      <line num="31" count="1" type="stmt"/>
      <line num="38" count="1" type="stmt"/>
      <line num="41" count="7" type="stmt"/>
      <line num="53" count="2" type="stmt"/>
      <line num="54" count="2" type="stmt"/>
      <line num="58" count="2" type="stmt"/>
      <line num="71" count="2" type="stmt"/>
      <line num="81" count="3" type="stmt"/>
    </file>
    <file name="StartButton.tsx" path="C:\find\src\components\StartButton.tsx">
      <metrics statements="6" coveredstatements="6" conditionals="0" coveredconditionals="0" methods="2" coveredmethods="2"/>
      <line num="5" count="3" type="stmt"/>
      <line num="6" count="2" type="stmt"/>
      <line num="8" count="2" type="stmt"/>
      <line num="9" count="1" type="stmt"/>
      <line num="13" count="2" type="stmt"/>
      <line num="24" count="3" type="stmt"/>
    </file>
    <file name="StartImage.tsx" path="C:\find\src\components\StartImage.tsx">
      <metrics statements="2" coveredstatements="2" conditionals="0" coveredconditionals="0" methods="1" coveredmethods="1"/>
      <line num="4" count="2" type="stmt"/>
      <line num="5" count="1" type="stmt"/>
    </file>
    <file name="Welcome.tsx" path="C:\find\src\components\Welcome.tsx">
      <metrics statements="3" coveredstatements="3" conditionals="0" coveredconditionals="0" methods="1" coveredmethods="1"/>
      <line num="5" count="3" type="stmt"/>
      <line num="6" count="4" type="stmt"/>
      <line num="15" count="3" type="stmt"/>
    </file>
  </project>
</coverage>
