{"C:\\find\\src\\components\\MobilInput.tsx": {"path":"C:\\find\\src\\components\\MobilInput.tsx","statementMap":{"0":{"start":{"line":16,"column":30},"end":{"line":79,"column":1}},"1":{"start":{"line":17,"column":28},"end":{"line":17,"column":40}},"2":{"start":{"line":18,"column":28},"end":{"line":18,"column":43}},"3":{"start":{"line":19,"column":40},"end":{"line":19,"column":52}},"4":{"start":{"line":20,"column":46},"end":{"line":20,"column":58}},"5":{"start":{"line":21,"column":28},"end":{"line":21,"column":43}},"6":{"start":{"line":22,"column":34},"end":{"line":22,"column":49}},"7":{"start":{"line":23,"column":40},"end":{"line":23,"column":55}},"8":{"start":{"line":24,"column":21},"end":{"line":24,"column":45}},"9":{"start":{"line":25,"column":21},"end":{"line":25,"column":42}},"10":{"start":{"line":26,"column":23},"end":{"line":39,"column":3}},"11":{"start":{"line":27,"column":5},"end":{"line":30,"column":6}},"12":{"start":{"line":28,"column":6},"end":{"line":28,"column":19}},"13":{"start":{"line":29,"column":6},"end":{"line":29,"column":13}},"14":{"start":{"line":31,"column":5},"end":{"line":31,"column":19}},"15":{"start":{"line":38,"column":5},"end":{"line":38,"column":31}},"16":{"start":{"line":41,"column":2},"end":{"line":78,"column":4}},"17":{"start":{"line":53,"column":14},"end":{"line":53,"column":29}},"18":{"start":{"line":54,"column":14},"end":{"line":54,"column":32}},"19":{"start":{"line":58,"column":15},"end":{"line":58,"column":39}},"20":{"start":{"line":71,"column":27},"end":{"line":71,"column":40}},"21":{"start":{"line":81,"column":15},"end":{"line":129,"column":2}}},"fnMap":{"0":{"name":"(anonymous_0)","decl":{"start":{"line":16,"column":30},"end":{"line":16,"column":31}},"loc":{"start":{"line":16,"column":36},"end":{"line":79,"column":1}},"line":16},"1":{"name":"(anonymous_1)","decl":{"start":{"line":26,"column":23},"end":{"line":26,"column":24}},"loc":{"start":{"line":26,"column":28},"end":{"line":39,"column":3}},"line":26},"2":{"name":"(anonymous_2)","decl":{"start":{"line":52,"column":26},"end":{"line":52,"column":27}},"loc":{"start":{"line":52,"column":36},"end":{"line":55,"column":13}},"line":52},"3":{"name":"(anonymous_3)","decl":{"start":{"line":56,"column":35},"end":{"line":56,"column":36}},"loc":{"start":{"line":56,"column":45},"end":{"line":61,"column":13}},"line":56},"4":{"name":"(anonymous_4)","decl":{"start":{"line":71,"column":21},"end":{"line":71,"column":22}},"loc":{"start":{"line":71,"column":27},"end":{"line":71,"column":40}},"line":71}},"branchMap":{"0":{"loc":{"start":{"line":27,"column":5},"end":{"line":30,"column":6}},"type":"if","locations":[{"start":{"line":27,"column":5},"end":{"line":30,"column":6}},{"start":{},"end":{}}],"line":27},"1":{"loc":{"start":{"line":68,"column":11},"end":{"line":68,"column":134}},"type":"binary-expr","locations":[{"start":{"line":68,"column":11},"end":{"line":68,"column":20}},{"start":{"line":68,"column":23},"end":{"line":68,"column":134}}],"line":68}},"s":{"0":3,"1":9,"2":7,"3":7,"4":7,"5":7,"6":7,"7":7,"8":7,"9":7,"10":7,"11":2,"12":1,"13":1,"14":1,"15":1,"16":7,"17":2,"18":2,"19":2,"20":2,"21":3},"f":{"0":9,"1":2,"2":2,"3":2,"4":2},"b":{"0":[1,1],"1":[7,1]},"_coverageSchema":"1a1c01bbd47fc00a2c39e90264f33305004495a9","hash":"dbaee70592021558b075adbe446de0569d08bdd2"}
,"C:\\find\\src\\components\\StartButton.tsx": {"path":"C:\\find\\src\\components\\StartButton.tsx","statementMap":{"0":{"start":{"line":5,"column":32},"end":{"line":22,"column":1}},"1":{"start":{"line":6,"column":21},"end":{"line":6,"column":42}},"2":{"start":{"line":8,"column":27},"end":{"line":11,"column":3}},"3":{"start":{"line":9,"column":4},"end":{"line":9,"column":32}},"4":{"start":{"line":13,"column":2},"end":{"line":21,"column":4}},"5":{"start":{"line":24,"column":15},"end":{"line":43,"column":2}}},"fnMap":{"0":{"name":"(anonymous_0)","decl":{"start":{"line":5,"column":32},"end":{"line":5,"column":33}},"loc":{"start":{"line":5,"column":38},"end":{"line":22,"column":1}},"line":5},"1":{"name":"(anonymous_1)","decl":{"start":{"line":8,"column":27},"end":{"line":8,"column":28}},"loc":{"start":{"line":8,"column":33},"end":{"line":11,"column":3}},"line":8}},"branchMap":{},"s":{"0":3,"1":2,"2":2,"3":1,"4":2,"5":3},"f":{"0":2,"1":1},"b":{},"_coverageSchema":"1a1c01bbd47fc00a2c39e90264f33305004495a9","hash":"f0f510ebd40c3b47c324963b3286a151b366c759"}
,"C:\\find\\src\\components\\StartImage.tsx": {"path":"C:\\find\\src\\components\\StartImage.tsx","statementMap":{"0":{"start":{"line":4,"column":31},"end":{"line":13,"column":1}},"1":{"start":{"line":5,"column":2},"end":{"line":12,"column":4}}},"fnMap":{"0":{"name":"(anonymous_0)","decl":{"start":{"line":4,"column":31},"end":{"line":4,"column":32}},"loc":{"start":{"line":4,"column":37},"end":{"line":13,"column":1}},"line":4}},"branchMap":{},"s":{"0":2,"1":1},"f":{"0":1},"b":{},"_coverageSchema":"1a1c01bbd47fc00a2c39e90264f33305004495a9","hash":"372a81713506da079568344a221b5a9f1bbbe6a8"}
,"C:\\find\\src\\components\\Welcome.tsx": {"path":"C:\\find\\src\\components\\Welcome.tsx","statementMap":{"0":{"start":{"line":5,"column":26},"end":{"line":13,"column":1}},"1":{"start":{"line":6,"column":4},"end":{"line":12,"column":6}},"2":{"start":{"line":15,"column":15},"end":{"line":45,"column":2}}},"fnMap":{"0":{"name":"(anonymous_0)","decl":{"start":{"line":5,"column":26},"end":{"line":5,"column":27}},"loc":{"start":{"line":5,"column":32},"end":{"line":13,"column":1}},"line":5}},"branchMap":{},"s":{"0":3,"1":4,"2":3},"f":{"0":4},"b":{},"_coverageSchema":"1a1c01bbd47fc00a2c39e90264f33305004495a9","hash":"8f3032589f8fd7f2e3dc76e453d42afee503aa38"}
}
