{"C:\\find\\src\\components\\MobilInput.tsx": {"path":"C:\\find\\src\\components\\MobilInput.tsx","statementMap":{"0":{"start":{"line":16,"column":30},"end":{"line":79,"column":1}},"1":{"start":{"line":17,"column":28},"end":{"line":17,"column":40}},"2":{"start":{"line":18,"column":28},"end":{"line":18,"column":43}},"3":{"start":{"line":19,"column":40},"end":{"line":19,"column":52}},"4":{"start":{"line":20,"column":46},"end":{"line":20,"column":58}},"5":{"start":{"line":21,"column":28},"end":{"line":21,"column":43}},"6":{"start":{"line":22,"column":34},"end":{"line":22,"column":49}},"7":{"start":{"line":23,"column":40},"end":{"line":23,"column":55}},"8":{"start":{"line":24,"column":21},"end":{"line":24,"column":45}},"9":{"start":{"line":25,"column":21},"end":{"line":25,"column":42}},"10":{"start":{"line":26,"column":23},"end":{"line":39,"column":3}},"11":{"start":{"line":27,"column":5},"end":{"line":30,"column":6}},"12":{"start":{"line":28,"column":6},"end":{"line":28,"column":19}},"13":{"start":{"line":29,"column":6},"end":{"line":29,"column":13}},"14":{"start":{"line":31,"column":5},"end":{"line":31,"column":19}},"15":{"start":{"line":37,"column":32},"end":{"line":37,"column":97}},"16":{"start":{"line":38,"column":4},"end":{"line":38,"column":65}},"17":{"start":{"line":41,"column":2},"end":{"line":78,"column":4}},"18":{"start":{"line":53,"column":14},"end":{"line":53,"column":29}},"19":{"start":{"line":58,"column":15},"end":{"line":58,"column":39}},"20":{"start":{"line":71,"column":27},"end":{"line":71,"column":40}},"21":{"start":{"line":81,"column":15},"end":{"line":129,"column":2}}},"fnMap":{"0":{"name":"(anonymous_0)","decl":{"start":{"line":16,"column":30},"end":{"line":16,"column":31}},"loc":{"start":{"line":16,"column":36},"end":{"line":79,"column":1}},"line":16},"1":{"name":"(anonymous_1)","decl":{"start":{"line":26,"column":23},"end":{"line":26,"column":24}},"loc":{"start":{"line":26,"column":28},"end":{"line":39,"column":3}},"line":26},"2":{"name":"(anonymous_2)","decl":{"start":{"line":52,"column":26},"end":{"line":52,"column":27}},"loc":{"start":{"line":52,"column":36},"end":{"line":55,"column":13}},"line":52},"3":{"name":"(anonymous_3)","decl":{"start":{"line":56,"column":35},"end":{"line":56,"column":36}},"loc":{"start":{"line":56,"column":45},"end":{"line":61,"column":13}},"line":56},"4":{"name":"(anonymous_4)","decl":{"start":{"line":71,"column":21},"end":{"line":71,"column":22}},"loc":{"start":{"line":71,"column":27},"end":{"line":71,"column":40}},"line":71}},"branchMap":{"0":{"loc":{"start":{"line":27,"column":5},"end":{"line":30,"column":6}},"type":"if","locations":[{"start":{"line":27,"column":5},"end":{"line":30,"column":6}},{"start":{},"end":{}}],"line":27},"1":{"loc":{"start":{"line":37,"column":32},"end":{"line":37,"column":97}},"type":"binary-expr","locations":[{"start":{"line":37,"column":32},"end":{"line":37,"column":91}},{"start":{"line":37,"column":95},"end":{"line":37,"column":97}}],"line":37},"2":{"loc":{"start":{"line":68,"column":11},"end":{"line":68,"column":134}},"type":"binary-expr","locations":[{"start":{"line":68,"column":11},"end":{"line":68,"column":20}},{"start":{"line":68,"column":23},"end":{"line":68,"column":134}}],"line":68}},"s":{"0":2,"1":9,"2":7,"3":7,"4":7,"5":7,"6":7,"7":7,"8":7,"9":7,"10":7,"11":2,"12":1,"13":1,"14":1,"15":1,"16":1,"17":7,"18":2,"19":2,"20":2,"21":2},"f":{"0":9,"1":2,"2":2,"3":2,"4":2},"b":{"0":[1,1],"1":[1,0],"2":[7,1]},"_coverageSchema":"1a1c01bbd47fc00a2c39e90264f33305004495a9","hash":"2df5667fbb37a25b53a88e3cbcb7e9ffc173bd22"}
,"C:\\find\\src\\components\\OneMinuteTimer.tsx": {"path":"C:\\find\\src\\components\\OneMinuteTimer.tsx","statementMap":{"0":{"start":{"line":9,"column":23},"end":{"line":32,"column":1}},"1":{"start":{"line":10,"column":48},"end":{"line":10,"column":73}},"2":{"start":{"line":12,"column":0},"end":{"line":27,"column":34}},"3":{"start":{"line":16,"column":14},"end":{"line":24,"column":8}},"4":{"start":{"line":17,"column":4},"end":{"line":22,"column":5}},"5":{"start":{"line":19,"column":8},"end":{"line":19,"column":32}},"6":{"start":{"line":20,"column":8},"end":{"line":20,"column":26}},"7":{"start":{"line":23,"column":4},"end":{"line":23,"column":68}},"8":{"start":{"line":23,"column":46},"end":{"line":23,"column":66}},"9":{"start":{"line":25,"column":0},"end":{"line":25,"column":34}},"10":{"start":{"line":25,"column":13},"end":{"line":25,"column":33}},"11":{"start":{"line":29,"column":0},"end":{"line":31,"column":2}},"12":{"start":{"line":35,"column":15},"end":{"line":43,"column":8}}},"fnMap":{"0":{"name":"(anonymous_0)","decl":{"start":{"line":9,"column":23},"end":{"line":9,"column":24}},"loc":{"start":{"line":9,"column":80},"end":{"line":32,"column":1}},"line":9},"1":{"name":"(anonymous_1)","decl":{"start":{"line":12,"column":10},"end":{"line":12,"column":11}},"loc":{"start":{"line":12,"column":16},"end":{"line":27,"column":1}},"line":12},"2":{"name":"(anonymous_2)","decl":{"start":{"line":16,"column":26},"end":{"line":16,"column":27}},"loc":{"start":{"line":16,"column":32},"end":{"line":24,"column":1}},"line":16},"3":{"name":"(anonymous_3)","decl":{"start":{"line":23,"column":24},"end":{"line":23,"column":25}},"loc":{"start":{"line":23,"column":46},"end":{"line":23,"column":66}},"line":23},"4":{"name":"(anonymous_4)","decl":{"start":{"line":25,"column":7},"end":{"line":25,"column":8}},"loc":{"start":{"line":25,"column":13},"end":{"line":25,"column":33}},"line":25}},"branchMap":{"0":{"loc":{"start":{"line":17,"column":4},"end":{"line":22,"column":5}},"type":"if","locations":[{"start":{"line":17,"column":4},"end":{"line":22,"column":5}},{"start":{},"end":{}}],"line":17},"1":{"loc":{"start":{"line":17,"column":7},"end":{"line":17,"column":38}},"type":"binary-expr","locations":[{"start":{"line":17,"column":8},"end":{"line":17,"column":26}},{"start":{"line":17,"column":30},"end":{"line":17,"column":37}}],"line":17},"2":{"loc":{"start":{"line":30,"column":4},"end":{"line":30,"column":194}},"type":"cond-expr","locations":[{"start":{"line":30,"column":25},"end":{"line":30,"column":180}},{"start":{"line":30,"column":181},"end":{"line":30,"column":194}}],"line":30}},"s":{"0":0,"1":0,"2":0,"3":0,"4":0,"5":0,"6":0,"7":0,"8":0,"9":0,"10":0,"11":0,"12":0},"f":{"0":0,"1":0,"2":0,"3":0,"4":0},"b":{"0":[0,0],"1":[0,0],"2":[0,0]}}
,"C:\\find\\src\\components\\OtpInput.tsx": {"path":"C:\\find\\src\\components\\OtpInput.tsx","statementMap":{"0":{"start":{"line":22,"column":42},"end":{"line":88,"column":1}},"1":{"start":{"line":23,"column":26},"end":{"line":23,"column":52}},"2":{"start":{"line":24,"column":50},"end":{"line":24,"column":76}},"3":{"start":{"line":25,"column":32},"end":{"line":25,"column":62}},"4":{"start":{"line":26,"column":21},"end":{"line":26,"column":41}},"5":{"start":{"line":28,"column":26},"end":{"line":31,"column":3}},"6":{"start":{"line":29,"column":4},"end":{"line":29,"column":20}},"7":{"start":{"line":32,"column":26},"end":{"line":32,"column":70}},"8":{"start":{"line":34,"column":2},"end":{"line":87,"column":4}},"9":{"start":{"line":44,"column":41},"end":{"line":44,"column":69}},"10":{"start":{"line":55,"column":30},"end":{"line":55,"column":43}},"11":{"start":{"line":90,"column":15},"end":{"line":143,"column":2}}},"fnMap":{"0":{"name":"(anonymous_0)","decl":{"start":{"line":22,"column":42},"end":{"line":22,"column":43}},"loc":{"start":{"line":22,"column":48},"end":{"line":88,"column":1}},"line":22},"1":{"name":"(anonymous_1)","decl":{"start":{"line":28,"column":26},"end":{"line":28,"column":27}},"loc":{"start":{"line":28,"column":32},"end":{"line":31,"column":3}},"line":28},"2":{"name":"(anonymous_2)","decl":{"start":{"line":44,"column":35},"end":{"line":44,"column":36}},"loc":{"start":{"line":44,"column":41},"end":{"line":44,"column":69}},"line":44},"3":{"name":"(anonymous_3)","decl":{"start":{"line":55,"column":22},"end":{"line":55,"column":23}},"loc":{"start":{"line":55,"column":30},"end":{"line":55,"column":43}},"line":55}},"branchMap":{},"s":{"0":0,"1":0,"2":0,"3":0,"4":0,"5":0,"6":0,"7":0,"8":0,"9":0,"10":0,"11":0},"f":{"0":0,"1":0,"2":0,"3":0},"b":{}}
,"C:\\find\\src\\components\\RnOtpTimer.tsx": {"path":"C:\\find\\src\\components\\RnOtpTimer.tsx","statementMap":{"0":{"start":{"line":4,"column":19},"end":{"line":103,"column":1}},"1":{"start":{"line":25,"column":50},"end":{"line":25,"column":65}},"2":{"start":{"line":27,"column":26},"end":{"line":27,"column":56}},"3":{"start":{"line":29,"column":12},"end":{"line":29,"column":18}},"4":{"start":{"line":31,"column":2},"end":{"line":36,"column":3}},"5":{"start":{"line":32,"column":4},"end":{"line":32,"column":13}},"6":{"start":{"line":33,"column":4},"end":{"line":33,"column":18}},"7":{"start":{"line":35,"column":4},"end":{"line":35,"column":17}},"8":{"start":{"line":38,"column":13},"end":{"line":38,"column":14}},"9":{"start":{"line":39,"column":26},"end":{"line":39,"column":39}},"10":{"start":{"line":40,"column":26},"end":{"line":40,"column":39}},"11":{"start":{"line":43,"column":25},"end":{"line":64,"column":12}},"12":{"start":{"line":44,"column":6},"end":{"line":44,"column":20}},"13":{"start":{"line":45,"column":6},"end":{"line":50,"column":7}},"14":{"start":{"line":46,"column":8},"end":{"line":46,"column":17}},"15":{"start":{"line":47,"column":8},"end":{"line":47,"column":22}},"16":{"start":{"line":48,"column":8},"end":{"line":48,"column":44}},"17":{"start":{"line":48,"column":30},"end":{"line":48,"column":42}},"18":{"start":{"line":49,"column":8},"end":{"line":49,"column":27}},"19":{"start":{"line":51,"column":6},"end":{"line":53,"column":7}},"20":{"start":{"line":52,"column":8},"end":{"line":52,"column":21}},"21":{"start":{"line":54,"column":6},"end":{"line":54,"column":55}},"22":{"start":{"line":54,"column":41},"end":{"line":54,"column":53}},"23":{"start":{"line":55,"column":6},"end":{"line":55,"column":19}},"24":{"start":{"line":57,"column":6},"end":{"line":63,"column":7}},"25":{"start":{"line":58,"column":8},"end":{"line":58,"column":38}},"26":{"start":{"line":59,"column":8},"end":{"line":59,"column":35}},"27":{"start":{"line":60,"column":8},"end":{"line":60,"column":27}},"28":{"start":{"line":61,"column":8},"end":{"line":61,"column":24}},"29":{"start":{"line":62,"column":8},"end":{"line":62,"column":24}},"30":{"start":{"line":67,"column":20},"end":{"line":70,"column":3}},"31":{"start":{"line":68,"column":4},"end":{"line":68,"column":30}},"32":{"start":{"line":69,"column":4},"end":{"line":69,"column":17}},"33":{"start":{"line":72,"column":2},"end":{"line":102,"column":4}},"34":{"start":{"line":107,"column":15},"end":{"line":107,"column":36}}},"fnMap":{"0":{"name":"(anonymous_0)","decl":{"start":{"line":4,"column":19},"end":{"line":4,"column":20}},"loc":{"start":{"line":24,"column":6},"end":{"line":103,"column":1}},"line":24},"1":{"name":"startTimer","decl":{"start":{"line":42,"column":11},"end":{"line":42,"column":21}},"loc":{"start":{"line":42,"column":24},"end":{"line":65,"column":3}},"line":42},"2":{"name":"(anonymous_2)","decl":{"start":{"line":43,"column":37},"end":{"line":43,"column":38}},"loc":{"start":{"line":43,"column":49},"end":{"line":64,"column":5}},"line":43},"3":{"name":"(anonymous_3)","decl":{"start":{"line":48,"column":16},"end":{"line":48,"column":17}},"loc":{"start":{"line":48,"column":30},"end":{"line":48,"column":42}},"line":48},"4":{"name":"(anonymous_4)","decl":{"start":{"line":54,"column":27},"end":{"line":54,"column":28}},"loc":{"start":{"line":54,"column":41},"end":{"line":54,"column":53}},"line":54},"5":{"name":"(anonymous_5)","decl":{"start":{"line":67,"column":20},"end":{"line":67,"column":21}},"loc":{"start":{"line":67,"column":26},"end":{"line":70,"column":3}},"line":67}},"branchMap":{"0":{"loc":{"start":{"line":13,"column":2},"end":{"line":13,"column":14}},"type":"default-arg","locations":[{"start":{"line":13,"column":12},"end":{"line":13,"column":14}}],"line":13},"1":{"loc":{"start":{"line":31,"column":2},"end":{"line":36,"column":3}},"type":"if","locations":[{"start":{"line":31,"column":2},"end":{"line":36,"column":3}},{"start":{"line":34,"column":9},"end":{"line":36,"column":3}}],"line":31},"2":{"loc":{"start":{"line":45,"column":6},"end":{"line":50,"column":7}},"type":"if","locations":[{"start":{"line":45,"column":6},"end":{"line":50,"column":7}},{"start":{},"end":{}}],"line":45},"3":{"loc":{"start":{"line":45,"column":10},"end":{"line":45,"column":31}},"type":"binary-expr","locations":[{"start":{"line":45,"column":10},"end":{"line":45,"column":18}},{"start":{"line":45,"column":22},"end":{"line":45,"column":31}}],"line":45},"4":{"loc":{"start":{"line":51,"column":6},"end":{"line":53,"column":7}},"type":"if","locations":[{"start":{"line":51,"column":6},"end":{"line":53,"column":7}},{"start":{},"end":{}}],"line":51},"5":{"loc":{"start":{"line":54,"column":6},"end":{"line":54,"column":54}},"type":"binary-expr","locations":[{"start":{"line":54,"column":6},"end":{"line":54,"column":15}},{"start":{"line":54,"column":19},"end":{"line":54,"column":54}}],"line":54},"6":{"loc":{"start":{"line":57,"column":6},"end":{"line":63,"column":7}},"type":"if","locations":[{"start":{"line":57,"column":6},"end":{"line":63,"column":7}},{"start":{},"end":{}}],"line":57},"7":{"loc":{"start":{"line":57,"column":10},"end":{"line":57,"column":30}},"type":"binary-expr","locations":[{"start":{"line":57,"column":10},"end":{"line":57,"column":18}},{"start":{"line":57,"column":22},"end":{"line":57,"column":30}}],"line":57},"8":{"loc":{"start":{"line":78,"column":9},"end":{"line":99,"column":9}},"type":"cond-expr","locations":[{"start":{"line":79,"column":10},"end":{"line":88,"column":17}},{"start":{"line":90,"column":10},"end":{"line":98,"column":17}}],"line":78},"9":{"loc":{"start":{"line":81,"column":21},"end":{"line":81,"column":58}},"type":"cond-expr","locations":[{"start":{"line":81,"column":41},"end":{"line":81,"column":50}},{"start":{"line":81,"column":53},"end":{"line":81,"column":58}}],"line":81},"10":{"loc":{"start":{"line":82,"column":26},"end":{"line":82,"column":62}},"type":"cond-expr","locations":[{"start":{"line":82,"column":47},"end":{"line":82,"column":57}},{"start":{"line":82,"column":60},"end":{"line":82,"column":62}}],"line":82},"11":{"loc":{"start":{"line":83,"column":24},"end":{"line":83,"column":56}},"type":"cond-expr","locations":[{"start":{"line":83,"column":43},"end":{"line":83,"column":51}},{"start":{"line":83,"column":54},"end":{"line":83,"column":56}}],"line":83},"12":{"loc":{"start":{"line":92,"column":21},"end":{"line":92,"column":60}},"type":"cond-expr","locations":[{"start":{"line":92,"column":42},"end":{"line":92,"column":52}},{"start":{"line":92,"column":55},"end":{"line":92,"column":60}}],"line":92},"13":{"loc":{"start":{"line":93,"column":26},"end":{"line":93,"column":72}},"type":"cond-expr","locations":[{"start":{"line":93,"column":52},"end":{"line":93,"column":67}},{"start":{"line":93,"column":70},"end":{"line":93,"column":72}}],"line":93},"14":{"loc":{"start":{"line":94,"column":24},"end":{"line":94,"column":66}},"type":"cond-expr","locations":[{"start":{"line":94,"column":48},"end":{"line":94,"column":61}},{"start":{"line":94,"column":64},"end":{"line":94,"column":66}}],"line":94},"15":{"loc":{"start":{"line":97,"column":13},"end":{"line":97,"column":62}},"type":"cond-expr","locations":[{"start":{"line":97,"column":37},"end":{"line":97,"column":46}},{"start":{"line":97,"column":50},"end":{"line":97,"column":62}}],"line":97}},"s":{"0":0,"1":0,"2":0,"3":0,"4":0,"5":0,"6":0,"7":0,"8":0,"9":0,"10":0,"11":0,"12":0,"13":0,"14":0,"15":0,"16":0,"17":0,"18":0,"19":0,"20":0,"21":0,"22":0,"23":0,"24":0,"25":0,"26":0,"27":0,"28":0,"29":0,"30":0,"31":0,"32":0,"33":0,"34":0},"f":{"0":0,"1":0,"2":0,"3":0,"4":0,"5":0},"b":{"0":[0],"1":[0,0],"2":[0,0],"3":[0,0],"4":[0,0],"5":[0,0],"6":[0,0],"7":[0,0],"8":[0,0],"9":[0,0],"10":[0,0],"11":[0,0],"12":[0,0],"13":[0,0],"14":[0,0],"15":[0,0]}}
,"C:\\find\\src\\components\\StartButton.tsx": {"path":"C:\\find\\src\\components\\StartButton.tsx","statementMap":{"0":{"start":{"line":5,"column":32},"end":{"line":22,"column":1}},"1":{"start":{"line":6,"column":21},"end":{"line":6,"column":42}},"2":{"start":{"line":8,"column":27},"end":{"line":11,"column":3}},"3":{"start":{"line":9,"column":4},"end":{"line":9,"column":32}},"4":{"start":{"line":13,"column":2},"end":{"line":21,"column":4}},"5":{"start":{"line":24,"column":15},"end":{"line":55,"column":2}}},"fnMap":{"0":{"name":"(anonymous_0)","decl":{"start":{"line":5,"column":32},"end":{"line":5,"column":33}},"loc":{"start":{"line":5,"column":38},"end":{"line":22,"column":1}},"line":5},"1":{"name":"(anonymous_1)","decl":{"start":{"line":8,"column":27},"end":{"line":8,"column":28}},"loc":{"start":{"line":8,"column":33},"end":{"line":11,"column":3}},"line":8}},"branchMap":{},"s":{"0":2,"1":2,"2":2,"3":1,"4":2,"5":2},"f":{"0":2,"1":1},"b":{},"_coverageSchema":"1a1c01bbd47fc00a2c39e90264f33305004495a9","hash":"5b069c2d00dad823f7ba6ae2313d0ec7ed4e995b"}
,"C:\\find\\src\\components\\StartImage.tsx": {"path":"C:\\find\\src\\components\\StartImage.tsx","statementMap":{"0":{"start":{"line":4,"column":31},"end":{"line":13,"column":1}},"1":{"start":{"line":5,"column":2},"end":{"line":12,"column":4}}},"fnMap":{"0":{"name":"(anonymous_0)","decl":{"start":{"line":4,"column":31},"end":{"line":4,"column":32}},"loc":{"start":{"line":4,"column":37},"end":{"line":13,"column":1}},"line":4}},"branchMap":{},"s":{"0":1,"1":1},"f":{"0":1},"b":{},"_coverageSchema":"1a1c01bbd47fc00a2c39e90264f33305004495a9","hash":"372a81713506da079568344a221b5a9f1bbbe6a8"}
,"C:\\find\\src\\components\\Welcome.tsx": {"path":"C:\\find\\src\\components\\Welcome.tsx","statementMap":{"0":{"start":{"line":5,"column":26},"end":{"line":13,"column":1}},"1":{"start":{"line":6,"column":4},"end":{"line":12,"column":6}},"2":{"start":{"line":15,"column":15},"end":{"line":45,"column":2}}},"fnMap":{"0":{"name":"(anonymous_0)","decl":{"start":{"line":5,"column":26},"end":{"line":5,"column":27}},"loc":{"start":{"line":5,"column":32},"end":{"line":13,"column":1}},"line":5}},"branchMap":{},"s":{"0":2,"1":4,"2":2},"f":{"0":4},"b":{},"_coverageSchema":"1a1c01bbd47fc00a2c39e90264f33305004495a9","hash":"8f3032589f8fd7f2e3dc76e453d42afee503aa38"}
}
