TN:
SF:src\components\MobilInput.tsx
FN:16,(anonymous_0)
FN:26,(anonymous_1)
FN:52,(anonymous_2)
FN:56,(anonymous_3)
FN:71,(anonymous_4)
FNF:5
FNH:5
FNDA:9,(anonymous_0)
FNDA:2,(anonymous_1)
FNDA:2,(anonymous_2)
FNDA:2,(anonymous_3)
FNDA:2,(anonymous_4)
DA:16,3
DA:17,9
DA:18,7
DA:19,7
DA:20,7
DA:21,7
DA:22,7
DA:23,7
DA:24,7
DA:25,7
DA:26,7
DA:27,2
DA:28,1
DA:29,1
DA:31,1
DA:38,1
DA:41,7
DA:53,2
DA:54,2
DA:58,2
DA:71,2
DA:81,3
LF:22
LH:22
BRDA:27,0,0,1
BRDA:27,0,1,1
BRDA:68,1,0,7
BRDA:68,1,1,1
BRF:4
BRH:4
end_of_record
TN:
SF:src\components\StartButton.tsx
FN:5,(anonymous_0)
FN:8,(anonymous_1)
FNF:2
FNH:2
FNDA:2,(anonymous_0)
FNDA:1,(anonymous_1)
DA:5,3
DA:6,2
DA:8,2
DA:9,1
DA:13,2
DA:24,3
LF:6
LH:6
BRF:0
BRH:0
end_of_record
TN:
SF:src\components\StartImage.tsx
FN:4,(anonymous_0)
FNF:1
FNH:1
FNDA:1,(anonymous_0)
DA:4,2
DA:5,1
LF:2
LH:2
BRF:0
BRH:0
end_of_record
TN:
SF:src\components\Welcome.tsx
FN:5,(anonymous_0)
FNF:1
FNH:1
FNDA:4,(anonymous_0)
DA:5,3
DA:6,4
DA:15,3
LF:3
LH:3
BRF:0
BRH:0
end_of_record
